{"/Users/Aaron/Documents/Code/node-dicontainer/src/Container.js":{"path":"/Users/Aaron/Documents/Code/node-dicontainer/src/Container.js","s":{"1":1,"2":10,"3":10,"4":3,"5":8,"6":1,"7":7,"8":7,"9":7,"10":7,"11":7,"12":11,"13":11,"14":11,"15":2,"16":1,"17":1,"18":1,"19":1,"20":1,"21":0,"22":2,"23":2,"24":2,"25":2,"26":8,"27":3,"28":13,"29":3,"30":10,"31":1,"32":1,"33":1,"34":9,"35":8,"36":1,"37":3,"38":2,"39":0,"40":2,"41":4,"42":4,"43":0,"44":1,"45":2,"46":2,"47":2,"48":2},"b":{"1":[1,7],"2":[1,1],"3":[3,10],"4":[1,9],"5":[8,1],"6":[0,2]},"f":{"1":10,"2":3,"3":8,"4":7,"5":11,"6":2,"7":0,"8":2,"9":8,"10":3,"11":13,"12":3,"13":2,"14":4,"15":2,"16":2},"fnMap":{"1":{"name":"(anonymous_1)","line":11,"loc":{"start":{"line":11,"column":16},"end":{"line":11,"column":30}}},"2":{"name":"(anonymous_2)","line":13,"loc":{"start":{"line":13,"column":32},"end":{"line":13,"column":42}}},"3":{"name":"(anonymous_3)","line":18,"loc":{"start":{"line":18,"column":12},"end":{"line":18,"column":30}}},"4":{"name":"(anonymous_4)","line":32,"loc":{"start":{"line":32,"column":8},"end":{"line":32,"column":26}}},"5":{"name":"(anonymous_5)","line":36,"loc":{"start":{"line":36,"column":10},"end":{"line":36,"column":24}}},"6":{"name":"(anonymous_6)","line":42,"loc":{"start":{"line":42,"column":14},"end":{"line":42,"column":32}}},"7":{"name":"(anonymous_7)","line":56,"loc":{"start":{"line":56,"column":13},"end":{"line":56,"column":31}}},"8":{"name":"(anonymous_8)","line":60,"loc":{"start":{"line":60,"column":12},"end":{"line":60,"column":36}}},"9":{"name":"(anonymous_9)","line":71,"loc":{"start":{"line":71,"column":10},"end":{"line":71,"column":24}}},"10":{"name":"(anonymous_10)","line":75,"loc":{"start":{"line":75,"column":15},"end":{"line":75,"column":29}}},"11":{"name":"(anonymous_11)","line":79,"loc":{"start":{"line":79,"column":11},"end":{"line":79,"column":25}}},"12":{"name":"(anonymous_12)","line":100,"loc":{"start":{"line":100,"column":8},"end":{"line":100,"column":22}}},"13":{"name":"(anonymous_13)","line":105,"loc":{"start":{"line":105,"column":9},"end":{"line":105,"column":23}}},"14":{"name":"(anonymous_14)","line":110,"loc":{"start":{"line":110,"column":11},"end":{"line":110,"column":24}}},"15":{"name":"F","line":118,"loc":{"start":{"line":118,"column":4},"end":{"line":118,"column":16}}},"16":{"name":"(anonymous_16)","line":127,"loc":{"start":{"line":127,"column":20},"end":{"line":127,"column":35}}}},"statementMap":{"1":{"start":{"line":3,"column":0},"end":{"line":135,"column":1}},"2":{"start":{"line":12,"column":4},"end":{"line":12,"column":20}},"3":{"start":{"line":13,"column":4},"end":{"line":15,"column":7}},"4":{"start":{"line":14,"column":6},"end":{"line":14,"column":32}},"5":{"start":{"line":19,"column":4},"end":{"line":21,"column":5}},"6":{"start":{"line":20,"column":6},"end":{"line":20,"column":54}},"7":{"start":{"line":23,"column":4},"end":{"line":23,"column":22}},"8":{"start":{"line":25,"column":4},"end":{"line":25,"column":31}},"9":{"start":{"line":27,"column":4},"end":{"line":27,"column":28}},"10":{"start":{"line":29,"column":4},"end":{"line":29,"column":16}},"11":{"start":{"line":33,"column":4},"end":{"line":33,"column":35}},"12":{"start":{"line":37,"column":4},"end":{"line":37,"column":33}},"13":{"start":{"line":38,"column":4},"end":{"line":38,"column":39}},"14":{"start":{"line":39,"column":4},"end":{"line":39,"column":33}},"15":{"start":{"line":43,"column":4},"end":{"line":45,"column":5}},"16":{"start":{"line":44,"column":6},"end":{"line":44,"column":54}},"17":{"start":{"line":47,"column":4},"end":{"line":47,"column":22}},"18":{"start":{"line":49,"column":4},"end":{"line":49,"column":37}},"19":{"start":{"line":51,"column":4},"end":{"line":51,"column":28}},"20":{"start":{"line":53,"column":4},"end":{"line":53,"column":16}},"21":{"start":{"line":57,"column":4},"end":{"line":57,"column":37}},"22":{"start":{"line":62,"column":4},"end":{"line":62,"column":22}},"23":{"start":{"line":64,"column":4},"end":{"line":64,"column":37}},"24":{"start":{"line":66,"column":4},"end":{"line":66,"column":28}},"25":{"start":{"line":68,"column":4},"end":{"line":68,"column":16}},"26":{"start":{"line":72,"column":4},"end":{"line":72,"column":39}},"27":{"start":{"line":76,"column":4},"end":{"line":76,"column":33}},"28":{"start":{"line":81,"column":4},"end":{"line":83,"column":5}},"29":{"start":{"line":82,"column":6},"end":{"line":82,"column":36}},"30":{"start":{"line":86,"column":4},"end":{"line":90,"column":5}},"31":{"start":{"line":87,"column":6},"end":{"line":87,"column":55}},"32":{"start":{"line":88,"column":6},"end":{"line":88,"column":36}},"33":{"start":{"line":89,"column":6},"end":{"line":89,"column":22}},"34":{"start":{"line":93,"column":4},"end":{"line":95,"column":5}},"35":{"start":{"line":94,"column":6},"end":{"line":94,"column":31}},"36":{"start":{"line":97,"column":4},"end":{"line":97,"column":61}},"37":{"start":{"line":101,"column":4},"end":{"line":101,"column":30}},"38":{"start":{"line":106,"column":4},"end":{"line":107,"column":76}},"39":{"start":{"line":107,"column":6},"end":{"line":107,"column":76}},"40":{"start":{"line":109,"column":4},"end":{"line":116,"column":20}},"41":{"start":{"line":111,"column":8},"end":{"line":115,"column":9}},"42":{"start":{"line":112,"column":10},"end":{"line":112,"column":35}},"43":{"start":{"line":114,"column":10},"end":{"line":114,"column":92}},"44":{"start":{"line":118,"column":4},"end":{"line":120,"column":5}},"45":{"start":{"line":119,"column":6},"end":{"line":119,"column":36}},"46":{"start":{"line":122,"column":4},"end":{"line":122,"column":33}},"47":{"start":{"line":124,"column":4},"end":{"line":124,"column":19}},"48":{"start":{"line":128,"column":4},"end":{"line":132,"column":34}}},"branchMap":{"1":{"line":19,"type":"if","locations":[{"start":{"line":19,"column":4},"end":{"line":19,"column":4}},{"start":{"line":19,"column":4},"end":{"line":19,"column":4}}]},"2":{"line":43,"type":"if","locations":[{"start":{"line":43,"column":4},"end":{"line":43,"column":4}},{"start":{"line":43,"column":4},"end":{"line":43,"column":4}}]},"3":{"line":81,"type":"if","locations":[{"start":{"line":81,"column":4},"end":{"line":81,"column":4}},{"start":{"line":81,"column":4},"end":{"line":81,"column":4}}]},"4":{"line":86,"type":"if","locations":[{"start":{"line":86,"column":4},"end":{"line":86,"column":4}},{"start":{"line":86,"column":4},"end":{"line":86,"column":4}}]},"5":{"line":93,"type":"if","locations":[{"start":{"line":93,"column":4},"end":{"line":93,"column":4}},{"start":{"line":93,"column":4},"end":{"line":93,"column":4}}]},"6":{"line":106,"type":"if","locations":[{"start":{"line":106,"column":4},"end":{"line":106,"column":4}},{"start":{"line":106,"column":4},"end":{"line":106,"column":4}}]}}}}