{"/Users/Aaron/Documents/Code/node-dicontainer/src/Container.js":{"path":"/Users/Aaron/Documents/Code/node-dicontainer/src/Container.js","s":{"1":1,"2":6,"3":6,"4":3,"5":4,"6":1,"7":3,"8":3,"9":3,"10":3,"11":3,"12":7,"13":7,"14":7,"15":2,"16":1,"17":1,"18":1,"19":1,"20":1,"21":0,"22":2,"23":2,"24":2,"25":2,"26":4,"27":3,"28":9,"29":3,"30":6,"31":1,"32":1,"33":1,"34":5,"35":4,"36":1,"37":3},"b":{"1":[1,3],"2":[1,1],"3":[3,6],"4":[1,5],"5":[4,1]},"f":{"1":6,"2":3,"3":4,"4":3,"5":7,"6":2,"7":0,"8":2,"9":4,"10":3,"11":9,"12":3},"fnMap":{"1":{"name":"(anonymous_1)","line":9,"loc":{"start":{"line":9,"column":16},"end":{"line":9,"column":30}}},"2":{"name":"(anonymous_2)","line":11,"loc":{"start":{"line":11,"column":32},"end":{"line":11,"column":42}}},"3":{"name":"(anonymous_3)","line":16,"loc":{"start":{"line":16,"column":12},"end":{"line":16,"column":30}}},"4":{"name":"(anonymous_4)","line":30,"loc":{"start":{"line":30,"column":8},"end":{"line":30,"column":26}}},"5":{"name":"(anonymous_5)","line":34,"loc":{"start":{"line":34,"column":10},"end":{"line":34,"column":24}}},"6":{"name":"(anonymous_6)","line":40,"loc":{"start":{"line":40,"column":14},"end":{"line":40,"column":32}}},"7":{"name":"(anonymous_7)","line":54,"loc":{"start":{"line":54,"column":13},"end":{"line":54,"column":31}}},"8":{"name":"(anonymous_8)","line":58,"loc":{"start":{"line":58,"column":12},"end":{"line":58,"column":36}}},"9":{"name":"(anonymous_9)","line":69,"loc":{"start":{"line":69,"column":10},"end":{"line":69,"column":24}}},"10":{"name":"(anonymous_10)","line":73,"loc":{"start":{"line":73,"column":15},"end":{"line":73,"column":29}}},"11":{"name":"(anonymous_11)","line":77,"loc":{"start":{"line":77,"column":11},"end":{"line":77,"column":25}}},"12":{"name":"(anonymous_12)","line":98,"loc":{"start":{"line":98,"column":8},"end":{"line":98,"column":22}}}},"statementMap":{"1":{"start":{"line":1,"column":0},"end":{"line":102,"column":1}},"2":{"start":{"line":10,"column":4},"end":{"line":10,"column":20}},"3":{"start":{"line":11,"column":4},"end":{"line":13,"column":7}},"4":{"start":{"line":12,"column":6},"end":{"line":12,"column":32}},"5":{"start":{"line":17,"column":4},"end":{"line":19,"column":5}},"6":{"start":{"line":18,"column":6},"end":{"line":18,"column":54}},"7":{"start":{"line":21,"column":4},"end":{"line":21,"column":22}},"8":{"start":{"line":23,"column":4},"end":{"line":23,"column":31}},"9":{"start":{"line":25,"column":4},"end":{"line":25,"column":28}},"10":{"start":{"line":27,"column":4},"end":{"line":27,"column":16}},"11":{"start":{"line":31,"column":4},"end":{"line":31,"column":35}},"12":{"start":{"line":35,"column":4},"end":{"line":35,"column":33}},"13":{"start":{"line":36,"column":4},"end":{"line":36,"column":39}},"14":{"start":{"line":37,"column":4},"end":{"line":37,"column":33}},"15":{"start":{"line":41,"column":4},"end":{"line":43,"column":5}},"16":{"start":{"line":42,"column":6},"end":{"line":42,"column":54}},"17":{"start":{"line":45,"column":4},"end":{"line":45,"column":22}},"18":{"start":{"line":47,"column":4},"end":{"line":47,"column":37}},"19":{"start":{"line":49,"column":4},"end":{"line":49,"column":28}},"20":{"start":{"line":51,"column":4},"end":{"line":51,"column":16}},"21":{"start":{"line":55,"column":4},"end":{"line":55,"column":37}},"22":{"start":{"line":60,"column":4},"end":{"line":60,"column":22}},"23":{"start":{"line":62,"column":4},"end":{"line":62,"column":37}},"24":{"start":{"line":64,"column":4},"end":{"line":64,"column":28}},"25":{"start":{"line":66,"column":4},"end":{"line":66,"column":16}},"26":{"start":{"line":70,"column":4},"end":{"line":70,"column":39}},"27":{"start":{"line":74,"column":4},"end":{"line":74,"column":33}},"28":{"start":{"line":79,"column":4},"end":{"line":81,"column":5}},"29":{"start":{"line":80,"column":6},"end":{"line":80,"column":36}},"30":{"start":{"line":84,"column":4},"end":{"line":88,"column":5}},"31":{"start":{"line":85,"column":6},"end":{"line":85,"column":55}},"32":{"start":{"line":86,"column":6},"end":{"line":86,"column":36}},"33":{"start":{"line":87,"column":6},"end":{"line":87,"column":22}},"34":{"start":{"line":91,"column":4},"end":{"line":93,"column":5}},"35":{"start":{"line":92,"column":6},"end":{"line":92,"column":31}},"36":{"start":{"line":95,"column":4},"end":{"line":95,"column":61}},"37":{"start":{"line":99,"column":4},"end":{"line":99,"column":30}}},"branchMap":{"1":{"line":17,"type":"if","locations":[{"start":{"line":17,"column":4},"end":{"line":17,"column":4}},{"start":{"line":17,"column":4},"end":{"line":17,"column":4}}]},"2":{"line":41,"type":"if","locations":[{"start":{"line":41,"column":4},"end":{"line":41,"column":4}},{"start":{"line":41,"column":4},"end":{"line":41,"column":4}}]},"3":{"line":79,"type":"if","locations":[{"start":{"line":79,"column":4},"end":{"line":79,"column":4}},{"start":{"line":79,"column":4},"end":{"line":79,"column":4}}]},"4":{"line":84,"type":"if","locations":[{"start":{"line":84,"column":4},"end":{"line":84,"column":4}},{"start":{"line":84,"column":4},"end":{"line":84,"column":4}}]},"5":{"line":91,"type":"if","locations":[{"start":{"line":91,"column":4},"end":{"line":91,"column":4}},{"start":{"line":91,"column":4},"end":{"line":91,"column":4}}]}}}}