TN:
SF:/Users/Aaron/Documents/Code/node-dicontainer/src/Container.js
FN:11,(anonymous_1)
FN:13,(anonymous_2)
FN:18,(anonymous_3)
FN:32,(anonymous_4)
FN:36,(anonymous_5)
FN:42,(anonymous_6)
FN:56,(anonymous_7)
FN:60,(anonymous_8)
FN:71,(anonymous_9)
FN:75,(anonymous_10)
FN:79,(anonymous_11)
FN:100,(anonymous_12)
FN:105,(anonymous_13)
FN:110,(anonymous_14)
FN:118,F
FN:127,(anonymous_16)
FNF:16
FNH:15
FNDA:10,(anonymous_1)
FNDA:3,(anonymous_2)
FNDA:8,(anonymous_3)
FNDA:7,(anonymous_4)
FNDA:11,(anonymous_5)
FNDA:2,(anonymous_6)
FNDA:0,(anonymous_7)
FNDA:2,(anonymous_8)
FNDA:8,(anonymous_9)
FNDA:3,(anonymous_10)
FNDA:13,(anonymous_11)
FNDA:3,(anonymous_12)
FNDA:2,(anonymous_13)
FNDA:4,(anonymous_14)
FNDA:2,F
FNDA:2,(anonymous_16)
DA:3,1
DA:12,10
DA:13,10
DA:14,3
DA:19,8
DA:20,1
DA:23,7
DA:25,7
DA:27,7
DA:29,7
DA:33,7
DA:37,11
DA:38,11
DA:39,11
DA:43,2
DA:44,1
DA:47,1
DA:49,1
DA:51,1
DA:53,1
DA:57,0
DA:62,2
DA:64,2
DA:66,2
DA:68,2
DA:72,8
DA:76,3
DA:81,13
DA:82,3
DA:86,10
DA:87,1
DA:88,1
DA:89,1
DA:93,9
DA:94,8
DA:97,1
DA:101,3
DA:106,2
DA:107,0
DA:109,2
DA:111,4
DA:112,4
DA:114,0
DA:118,1
DA:119,2
DA:122,2
DA:124,2
DA:128,2
LF:48
LH:45
BRDA:19,1,0,1
BRDA:19,1,1,7
BRDA:43,2,0,1
BRDA:43,2,1,1
BRDA:81,3,0,3
BRDA:81,3,1,10
BRDA:86,4,0,1
BRDA:86,4,1,9
BRDA:93,5,0,8
BRDA:93,5,1,1
BRDA:106,6,0,0
BRDA:106,6,1,2
BRF:12
BRH:11
end_of_record
