TN:
SF:/Users/Aaron/Documents/Code/node-dicontainer/src/Container.js
FN:9,(anonymous_1)
FN:11,(anonymous_2)
FN:16,(anonymous_3)
FN:30,(anonymous_4)
FN:34,(anonymous_5)
FN:40,(anonymous_6)
FN:54,(anonymous_7)
FN:58,(anonymous_8)
FN:69,(anonymous_9)
FN:73,(anonymous_10)
FN:77,(anonymous_11)
FN:98,(anonymous_12)
FNF:12
FNH:11
FNDA:6,(anonymous_1)
FNDA:3,(anonymous_2)
FNDA:4,(anonymous_3)
FNDA:3,(anonymous_4)
FNDA:7,(anonymous_5)
FNDA:2,(anonymous_6)
FNDA:0,(anonymous_7)
FNDA:2,(anonymous_8)
FNDA:4,(anonymous_9)
FNDA:3,(anonymous_10)
FNDA:9,(anonymous_11)
FNDA:3,(anonymous_12)
DA:1,1
DA:10,6
DA:11,6
DA:12,3
DA:17,4
DA:18,1
DA:21,3
DA:23,3
DA:25,3
DA:27,3
DA:31,3
DA:35,7
DA:36,7
DA:37,7
DA:41,2
DA:42,1
DA:45,1
DA:47,1
DA:49,1
DA:51,1
DA:55,0
DA:60,2
DA:62,2
DA:64,2
DA:66,2
DA:70,4
DA:74,3
DA:79,9
DA:80,3
DA:84,6
DA:85,1
DA:86,1
DA:87,1
DA:91,5
DA:92,4
DA:95,1
DA:99,3
LF:37
LH:36
BRDA:17,1,0,1
BRDA:17,1,1,3
BRDA:41,2,0,1
BRDA:41,2,1,1
BRDA:79,3,0,3
BRDA:79,3,1,6
BRDA:84,4,0,1
BRDA:84,4,1,5
BRDA:91,5,0,4
BRDA:91,5,1,1
BRF:10
BRH:10
end_of_record
